nbatch	trainL	validL	elapsed	throughput
1	100.855	99.477	2.342	5.246
2	100.194	98.327	0.588	20.890
3	99.478	97.018	0.587	20.944
4	97.856	95.431	0.587	20.933
5	95.902	93.756	0.588	20.888
6	94.316	91.820	0.590	20.835
7	92.316	89.785	0.587	20.929
8	90.591	87.758	0.588	20.894
9	88.669	85.809	0.588	20.898
10	86.548	83.787	0.588	20.902
11	84.466	82.238	0.593	20.730
12	82.600	80.368	0.593	20.731
13	80.570	78.517	0.593	20.722
14	78.785	76.472	0.594	20.695
15	76.897	74.504	0.595	20.641
16	74.802	72.532	0.595	20.658
17	72.838	70.857	0.595	20.636
18	71.204	69.631	0.596	20.620
19	70.229	68.413	0.595	20.643
20	68.982	66.828	0.595	20.656
21	67.098	65.396	0.597	20.593
22	65.552	63.960	0.595	20.650
23	64.011	62.586	0.596	20.625
24	62.875	60.933	0.595	20.636
25	61.073	59.980	0.595	20.658
26	59.766	58.410	0.595	20.639
27	58.240	56.822	0.595	20.638
28	56.590	55.335	0.596	20.614
29	55.411	54.051	0.596	20.604
30	54.060	52.845	0.596	20.621
31	52.777	52.017	0.596	20.625
32	52.006	50.953	0.595	20.643
33	51.007	49.980	0.596	20.635
34	50.437	49.338	0.596	20.617
35	49.475	48.841	0.597	20.589
36	48.802	47.526	0.596	20.603
37	47.686	46.488	0.598	20.549
38	46.547	45.309	0.597	20.572
39	45.954	44.838	0.596	20.623
40	45.283	44.151	0.597	20.583
41	44.868	43.481	0.596	20.611
42	44.215	42.881	0.598	20.556
43	43.435	41.995	0.597	20.599
44	42.730	41.336	0.596	20.615
45	41.943	40.454	0.596	20.627
46	41.147	40.038	0.598	20.560
47	40.358	39.300	0.599	20.520
48	39.682	38.837	0.598	20.557
49	39.332	38.198	0.597	20.573
50	38.658	37.790	0.599	20.526
51	38.131	37.426	0.597	20.575
52	37.801	37.914	0.593	20.713
53	38.333	37.472	0.592	20.745
54	37.815	36.863	0.598	20.553
55	37.247	36.308	0.596	20.602
56	36.514	35.704	0.599	20.524
57	35.980	35.450	0.598	20.560
58	35.506	35.130	0.599	20.505
59	35.360	34.747	0.598	20.557
60	34.924	34.332	0.599	20.501
61	34.868	34.136	0.598	20.556
62	34.669	33.879	0.598	20.551
63	34.322	33.655	0.598	20.546
64	34.009	33.164	0.599	20.530
65	33.474	32.864	0.599	20.513
66	33.113	32.495	0.599	20.513
67	32.670	32.482	0.600	20.490
68	32.598	32.104	0.599	20.511
69	32.120	31.923	0.600	20.486
70	32.080	31.897	0.600	20.475
71	31.948	31.613	0.599	20.530
72	31.640	31.310	0.601	20.443
73	31.301	30.984	0.600	20.466
74	31.056	30.778	0.601	20.458
75	30.957	30.787	0.596	20.619
76	30.834	30.966	0.595	20.663
77	31.175	30.721	0.599	20.506
78	30.868	30.462	0.600	20.482
79	30.501	30.425	0.601	20.449
80	30.157	30.145	0.600	20.466
81	29.958	29.927	0.601	20.444
82	29.628	29.763	0.599	20.500
83	29.340	29.430	0.600	20.463
84	28.939	29.213	0.601	20.459
85	28.601	29.230	0.595	20.641
86	28.796	29.801	0.596	20.621
87	29.314	29.596	0.595	20.661
88	29.138	29.475	0.595	20.664
89	28.794	29.225	0.595	20.647
90	28.857	29.236	0.596	20.600
91	28.702	29.238	0.595	20.653
92	28.749	29.003	0.600	20.468
93	28.360	28.902	0.601	20.457
94	28.149	28.712	0.599	20.501
95	28.116	28.712	0.595	20.659
96	28.031	28.745	0.596	20.628
97	28.114	28.852	0.595	20.658
98	28.393	28.581	0.601	20.462
99	28.136	28.363	0.600	20.494
100	28.028	28.116	0.601	20.446
101	27.881	27.944	0.600	20.476
102	27.724	27.760	0.601	20.455
103	27.489	27.547	0.601	20.441
104	27.545	27.464	0.601	20.439
105	27.264	27.302	0.601	20.434
106	26.995	27.092	0.601	20.448
107	26.703	26.927	0.602	20.409
108	26.418	26.680	0.602	20.427
109	26.219	26.566	0.602	20.408
110	26.326	26.611	0.595	20.640
111	26.268	26.819	0.595	20.642
112	26.486	26.766	0.596	20.614
113	26.339	26.829	0.597	20.590
114	26.443	26.728	0.596	20.618
115	26.100	26.524	0.601	20.456
116	26.100	26.352	0.601	20.435
117	25.834	26.246	0.601	20.430
118	25.594	26.047	0.601	20.430
119	25.190	25.799	0.606	20.268
120	24.905	25.728	0.603	20.382
121	24.754	25.568	0.601	20.431
122	24.674	25.566	0.602	20.420
123	24.514	25.351	0.602	20.417
124	24.591	25.419	0.596	20.601
125	24.740	25.248	0.600	20.463
126	24.550	25.070	0.602	20.427
127	24.385	25.010	0.602	20.406
128	24.245	24.915	0.601	20.429
129	24.325	24.821	0.601	20.437
130	24.579	25.056	0.596	20.604
131	24.542	24.780	0.603	20.392
132	24.569	24.676	0.602	20.419
133	24.486	24.744	0.597	20.577
134	24.763	24.914	0.597	20.600
135	25.127	24.766	0.596	20.627
136	24.985	24.751	0.597	20.585
137	24.846	24.629	0.602	20.427
138	24.545	24.445	0.602	20.410
139	24.562	24.406	0.602	20.410
140	24.340	24.380	0.602	20.401
141	24.412	24.550	0.598	20.561
142	24.281	24.409	0.596	20.604
143	24.282	24.537	0.597	20.593
144	24.327	24.475	0.596	20.617
145	24.237	24.587	0.597	20.580
146	24.297	24.681	0.599	20.531
147	24.464	24.831	0.597	20.566
148	24.436	24.565	0.598	20.538
149	24.225	24.687	0.596	20.606
150	24.152	24.742	0.598	20.554
151	24.347	24.887	0.596	20.611
152	24.344	24.787	0.597	20.597
153	24.218	24.818	0.596	20.601
154	24.300	24.771	0.597	20.582
155	24.300	24.631	0.596	20.603
156	24.037	24.548	0.598	20.557
157	23.874	24.445	0.596	20.601
158	23.587	24.306	0.601	20.447
159	23.477	24.311	0.597	20.582
160	23.255	24.248	0.603	20.362
161	23.223	24.436	0.597	20.584
162	23.207	24.708	0.597	20.595
163	23.364	24.647	0.596	20.621
164	23.322	24.604	0.597	20.579
165	23.345	24.434	0.596	20.604
166	23.101	24.461	0.597	20.587
167	23.059	24.246	0.604	20.358
168	22.896	24.142	0.666	18.439
169	22.849	24.005	0.638	19.274
170	22.624	23.930	0.617	19.903
171	22.711	23.916	0.607	20.236
172	22.504	23.861	0.604	20.352
173	22.461	23.548	0.603	20.389
174	22.298	23.506	0.601	20.447
175	22.228	23.454	0.602	20.414
176	21.981	23.340	0.602	20.421
177	22.143	23.161	0.602	20.428
178	21.960	23.022	0.602	20.403
179	21.756	22.944	0.601	20.431
180	21.600	22.934	0.602	20.413
181	21.669	22.912	0.601	20.440
182	21.862	22.867	0.601	20.430
183	21.835	22.764	0.602	20.419
184	21.667	22.591	0.602	20.420
185	21.662	22.643	0.596	20.608
186	21.560	22.570	0.605	20.322
187	21.318	22.370	0.604	20.336
188	21.276	22.218	0.610	20.133
189	21.163	22.103	0.612	20.066
190	21.063	22.163	0.602	20.424
191	20.956	22.051	0.606	20.263
192	20.897	22.325	0.600	20.487
193	20.857	22.480	0.656	18.735
194	20.966	22.649	0.646	19.016
195	21.234	22.875	0.620	19.812
196	21.393	22.771	0.605	20.295
197	21.281	22.618	0.599	20.502
198	21.130	22.537	0.598	20.545
199	21.042	22.526	0.596	20.604
200	21.094	22.432	0.598	20.555
201	20.875	22.318	0.597	20.591
202	20.850	22.259	0.599	20.515
203	20.766	22.357	0.597	20.598
204	20.764	22.215	0.597	20.575
205	20.558	22.214	0.597	20.593
206	20.521	22.144	0.599	20.521
207	20.572	22.507	0.598	20.559
208	20.689	22.325	0.596	20.615
209	20.683	22.188	0.598	20.554
210	20.502	22.085	0.599	20.508
211	20.543	22.247	0.602	20.401
212	20.691	22.166	0.598	20.559
213	20.577	22.131	0.651	18.887
214	20.519	22.125	0.634	19.391
215	20.490	22.098	0.615	19.968
216	20.498	22.084	0.603	20.381
217	20.474	22.020	0.603	20.376
218	20.410	22.065	0.598	20.557
219	20.333	22.074	0.600	20.466
220	20.166	21.937	0.606	20.267
221	20.055	21.836	0.603	20.374
222	19.915	21.735	0.604	20.355
223	19.758	21.703	0.607	20.258
224	19.589	21.547	0.603	20.369
225	19.492	21.598	0.599	20.500
226	19.400	21.878	0.674	18.230
227	19.407	22.081	0.634	19.377
228	19.597	22.045	0.611	20.101
229	19.764	22.022	0.606	20.292
230	19.766	21.898	0.599	20.515
231	19.736	21.804	0.597	20.592
232	19.588	21.643	0.598	20.553
233	19.527	21.645	0.623	19.717
234	19.572	21.573	0.610	20.160
235	19.516	21.562	0.600	20.482
236	19.557	21.606	0.597	20.575
237	19.470	21.601	0.597	20.571
238	19.499	21.509	0.602	20.407
239	19.352	21.462	0.603	20.375
240	19.412	21.396	0.603	20.383
241	19.309	21.416	0.598	20.555
242	19.143	21.293	0.604	20.358
243	19.133	21.239	0.605	20.321
244	19.238	21.175	0.606	20.287
245	19.152	21.197	0.599	20.514
246	19.149	21.075	0.610	20.135
247	19.090	21.074	0.604	20.329
248	19.001	20.950	0.648	18.959
249	18.957	20.955	0.618	19.871
250	19.033	20.957	0.608	20.198
251	19.033	20.942	0.606	20.275
252	18.872	20.789	0.604	20.352
253	18.940	20.918	0.606	20.265
254	18.973	20.959	0.599	20.511
255	18.929	21.011	0.652	18.860
256	18.909	20.991	0.632	19.458
257	18.664	20.797	0.609	20.178
258	18.486	20.615	0.608	20.210
259	18.364	20.596	0.603	20.368
260	18.188	20.453	0.602	20.427
261	18.060	20.304	0.601	20.431
262	18.026	20.442	0.597	20.573
263	18.050	20.580	0.657	18.713
264	18.078	20.578	0.646	19.024
265	18.177	20.527	0.620	19.829
266	18.102	20.619	0.606	20.269
267	17.993	20.777	0.599	20.525
268	18.031	21.168	0.599	20.529
269	17.986	21.067	0.596	20.605
270	17.969	21.023	0.599	20.525
271	17.857	20.929	0.643	19.115
272	17.870	20.961	0.626	19.620
273	18.085	21.134	0.608	20.221
274	18.037	21.225	0.603	20.392
275	18.096	21.121	0.597	20.582
276	17.981	20.987	0.598	20.552
277	17.842	20.799	0.597	20.584
278	17.779	20.708	0.597	20.567
279	17.662	20.899	0.596	20.608
280	17.656	20.762	0.598	20.541
281	17.540	20.759	0.597	20.587
282	17.666	20.742	0.597	20.580
283	17.743	20.845	0.596	20.623
284	17.953	20.919	0.597	20.574
285	18.022	20.915	0.602	20.409
286	17.968	20.901	0.599	20.514
287	17.826	20.823	0.611	20.102
288	17.716	20.757	0.610	20.156
289	17.720	20.829	0.602	20.417
290	17.804	20.802	0.657	18.704
291	17.804	20.838	0.642	19.138
292	17.741	20.709	0.621	19.790
293	17.617	20.677	0.604	20.347
294	17.686	20.772	0.601	20.444
295	17.729	21.149	0.598	20.553
296	18.185	21.124	0.600	20.465
297	18.033	20.932	0.603	20.373
298	17.923	20.700	0.612	20.090
299	17.697	20.769	0.605	20.320
300	17.499	20.785	0.599	20.516
301	17.444	20.813	0.598	20.547
302	17.501	20.721	0.605	20.316
303	17.422	20.618	0.598	20.547
304	17.309	20.477	0.597	20.591
305	17.186	20.282	0.620	19.834
306	17.053	20.229	0.609	20.174
307	16.901	20.136	0.605	20.296
308	16.938	19.995	0.602	20.418
309	16.978	20.008	0.597	20.577
310	16.909	20.032	0.596	20.609
311	16.781	19.903	0.604	20.332
312	16.840	20.030	0.599	20.520
313	16.919	20.070	0.602	20.405
314	16.924	20.177	0.602	20.423
315	17.007	20.134	0.609	20.190
316	16.901	20.096	0.598	20.536
317	16.948	20.082	0.653	18.817
318	16.803	20.072	0.638	19.262
319	16.781	19.970	0.602	20.399
320	16.652	19.859	0.606	20.274
321	16.784	19.878	0.600	20.495
322	16.699	19.742	0.608	20.207
323	16.632	19.702	0.603	20.363
324	16.626	19.873	0.643	19.122
325	16.439	19.825	0.623	19.736
326	16.274	19.701	0.615	19.976
327	16.174	19.695	0.609	20.174
328	16.097	19.740	0.602	20.424
329	16.221	19.792	0.603	20.372
330	16.298	19.826	0.597	20.566
331	16.500	19.967	0.644	19.067
332	16.567	20.005	0.635	19.356
333	16.918	20.017	0.607	20.229
334	16.820	19.916	0.609	20.168
335	16.602	19.764	0.607	20.244
336	16.413	19.758	0.600	20.471
337	16.178	19.712	0.597	20.566
338	16.204	19.802	0.641	19.182
339	16.040	19.783	0.624	19.708
340	16.025	19.777	0.608	20.207
341	16.010	19.860	0.600	20.463
342	16.138	19.785	0.598	20.547
343	16.069	19.549	0.655	18.748
344	16.098	19.593	0.626	19.620
345	15.986	19.618	0.607	20.247
346	15.795	19.522	0.606	20.278
347	15.656	19.406	0.603	20.370
348	15.531	19.447	0.607	20.228
349	15.516	19.573	0.606	20.282
350	15.628	19.615	0.600	20.492
351	15.636	19.687	0.598	20.551
352	15.640	19.650	0.662	18.571
353	15.558	19.565	0.661	18.597
354	15.437	19.707	0.622	19.754
355	15.386	19.909	0.605	20.301
356	15.534	19.842	0.601	20.454
357	15.423	19.668	0.598	20.550
358	15.358	19.581	0.596	20.621
359	15.308	19.552	0.596	20.606
360	15.295	19.508	0.648	18.971
361	15.210	19.389	0.638	19.267
362	15.148	19.472	0.613	20.051
363	15.238	19.537	0.603	20.375
364	15.244	19.495	0.598	20.557
365	15.394	19.756	0.597	20.570
366	15.505	19.656	0.603	20.378
367	15.477	19.520	0.600	20.469
368	15.427	19.409	0.598	20.558
369	15.315	19.545	0.596	20.610
370	15.233	19.460	0.600	20.480
371	15.321	19.599	0.665	18.468
372	15.242	19.795	0.635	19.350
373	15.368	19.755	0.616	19.933
374	15.381	19.654	0.604	20.354
375	15.301	19.609	0.599	20.524
376	15.080	19.630	0.597	20.584
377	15.011	19.670	0.597	20.567
378	15.139	19.929	0.597	20.575
379	15.258	19.923	0.597	20.572
380	15.272	19.889	0.597	20.581
381	15.300	19.715	0.596	20.605
382	15.302	19.575	0.597	20.586
383	15.205	19.403	0.597	20.593
384	15.047	19.365	0.605	20.305
385	15.052	19.283	0.610	20.154
386	15.000	19.227	0.607	20.244
387	14.979	19.261	0.603	20.372
388	14.851	19.206	0.606	20.284
389	14.777	19.204	0.654	18.795
390	14.656	19.329	0.636	19.315
391	14.759	19.244	0.617	19.904
392	14.630	19.204	0.609	20.174
393	14.521	19.276	0.597	20.588
394	14.476	19.094	0.606	20.292
395	14.360	19.055	0.604	20.331
396	14.350	19.083	0.600	20.474
397	14.346	19.147	0.600	20.469
398	14.346	19.141	0.645	19.060
399	14.385	19.220	0.628	19.561
400	14.481	19.233	0.610	20.152
401	14.534	19.338	0.601	20.430
402	14.739	19.472	0.601	20.448
403	14.822	19.504	0.620	19.813
404	14.971	19.486	0.617	19.926
405	14.849	19.439	0.607	20.247
406	14.729	19.299	0.599	20.500
407	14.725	19.247	0.642	19.150
408	14.626	19.216	0.627	19.602
409	14.570	19.129	0.612	20.085
410	14.634	19.283	0.604	20.330
411	14.429	19.216	0.603	20.394
412	14.417	19.189	0.600	20.493
413	14.257	19.131	0.610	20.158
414	14.209	19.115	0.603	20.377
415	14.321	19.081	0.598	20.558
416	14.143	19.029	0.617	19.931
417	14.119	18.958	0.609	20.166
418	14.169	18.993	0.642	19.139
419	13.989	19.007	0.617	19.910
420	13.876	18.919	0.613	20.055
421	13.801	18.848	0.604	20.339
422	13.625	18.856	0.655	18.750
423	13.692	18.954	0.641	19.156
424	13.828	18.919	0.621	19.790
425	13.810	18.837	0.610	20.145
426	13.815	18.826	0.605	20.306
427	13.683	18.723	0.603	20.381
428	13.598	18.694	0.607	20.240
429	13.469	18.719	0.604	20.343
430	13.505	18.750	0.600	20.476
431	13.581	18.766	0.600	20.493
432	13.517	18.880	0.654	18.779
433	13.778	19.009	0.628	19.552
434	14.012	19.294	0.611	20.126
435	14.270	19.226	0.604	20.349
436	14.128	19.174	0.599	20.531
437	13.964	19.061	0.601	20.431
438	13.753	18.984	0.599	20.521
439	13.692	18.885	0.652	18.850
440	13.618	19.037	0.636	19.328
441	13.708	18.915	0.621	19.784
442	13.695	18.948	0.604	20.331
443	13.748	18.970	0.600	20.489
444	13.632	18.879	0.603	20.376
445	13.704	18.735	0.599	20.506
446	13.581	18.774	0.633	19.408
447	13.633	18.723	0.619	19.853
448	13.599	18.693	0.610	20.151
449	13.696	18.813	0.600	20.474
450	13.758	18.945	0.598	20.538
451	13.839	19.123	0.598	20.550
452	13.735	19.141	0.599	20.528
453	13.625	19.004	0.630	19.507
454	13.380	19.126	0.611	20.095
455	13.363	19.131	0.606	20.285
456	13.371	19.296	0.603	20.363
457	13.509	19.169	0.657	18.712
458	13.559	19.111	0.624	19.685
459	13.538	19.105	0.606	20.274
460	13.458	19.037	0.600	20.463
461	13.303	18.948	0.599	20.501
462	13.122	18.867	0.615	19.964
463	12.996	18.826	0.604	20.328
464	13.015	18.790	0.600	20.483
465	12.951	18.854	0.598	20.551
466	12.898	19.016	0.597	20.576
467	12.968	18.969	0.598	20.547
468	12.922	18.900	0.597	20.590
469	12.947	18.865	0.597	20.578
470	12.902	18.818	0.599	20.503
471	12.936	18.880	0.600	20.467
472	12.893	18.797	0.604	20.359
473	12.805	18.735	0.609	20.193
474	12.836	18.726	0.606	20.275
475	12.801	18.752	0.644	19.080
476	12.816	18.874	0.625	19.655
477	12.821	18.914	0.608	20.196
478	12.871	18.887	0.600	20.474
479	12.915	19.030	0.603	20.362
480	12.780	18.891	0.627	19.598
481	12.605	18.780	0.618	19.894
482	12.571	18.752	0.616	19.942
483	12.585	18.756	0.610	20.139
484	12.528	18.707	0.603	20.362
485	12.472	18.776	0.601	20.447
486	12.350	18.828	0.637	19.303
487	12.273	18.953	0.630	19.490
488	12.371	19.015	0.614	20.028
489	12.492	18.985	0.602	20.414
490	12.624	18.866	0.602	20.396
491	12.764	18.758	0.604	20.353
492	12.726	18.758	0.599	20.515
493	12.570	18.683	0.656	18.731
494	12.549	18.665	0.632	19.437
495	12.425	18.667	0.608	20.215
496	12.266	18.521	0.614	20.017
497	12.156	18.619	0.609	20.185
498	12.166	18.750	0.605	20.308
499	12.222	18.608	0.604	20.347
500	12.099	18.659	0.601	20.435
501	12.172	18.727	0.650	18.903
502	12.181	18.704	0.624	19.685
503	12.235	18.614	0.613	20.037
504	12.234	18.719	0.602	20.424
505	12.153	18.673	0.601	20.433
506	12.198	18.728	0.602	20.426
507	12.383	18.928	0.608	20.197
508	12.465	18.977	0.609	20.174
509	12.429	18.914	0.602	20.406
510	12.441	18.844	0.656	18.743
511	12.438	18.816	0.646	19.015
512	12.392	18.856	0.624	19.702
513	12.433	18.930	0.607	20.252
514	12.449	18.990	0.601	20.435
515	12.351	18.989	0.601	20.456
516	12.317	18.896	0.601	20.443
517	12.385	19.169	0.603	20.386
518	12.372	19.135	0.598	20.557
519	12.337	18.992	0.647	18.980
520	12.142	19.009	0.633	19.405
521	11.967	18.965	0.613	20.032
522	11.890	19.069	0.603	20.390
523	11.990	19.084	0.604	20.332
524	12.035	19.114	0.602	20.414
525	12.079	19.043	0.598	20.551
526	12.045	19.021	0.651	18.866
527	12.035	18.950	0.632	19.449
528	12.101	19.045	0.609	20.166
529	12.086	18.992	0.603	20.366
530	12.018	18.933	0.601	20.429
531	11.887	18.941	0.603	20.394
532	11.893	19.068	0.602	20.400
533	11.924	19.151	0.600	20.492
534	11.910	19.104	0.657	18.695
535	11.796	19.047	0.653	18.809
536	11.646	18.974	0.624	19.683
537	11.481	18.956	0.605	20.297
538	11.597	18.990	0.602	20.425
539	11.566	18.929	0.600	20.480
540	11.683	18.994	0.601	20.435
541	11.751	19.012	0.603	20.386
542	11.803	18.926	0.602	20.421
543	11.794	18.981	0.652	18.859
544	11.772	19.015	0.634	19.397
545	11.717	18.957	0.614	20.002
546	11.580	18.953	0.604	20.347
547	11.552	19.012	0.601	20.443
548	11.442	18.949	0.598	20.538
549	11.363	19.097	0.605	20.300
550	11.473	19.187	0.610	20.150
551	11.706	19.203	0.602	20.422
552	11.597	19.083	0.656	18.720
553	11.539	19.013	0.641	19.176
554	11.389	19.015	0.618	19.884
555	11.405	19.066	0.605	20.327
556	11.290	19.057	0.601	20.435
557	11.307	19.014	0.599	20.518
558	11.246	18.906	0.603	20.366
559	11.234	18.881	0.624	19.702
560	11.205	18.865	0.608	20.201
561	11.229	18.965	0.608	20.209
562	11.234	18.990	0.604	20.343
563	11.227	18.941	0.599	20.511
564	11.331	19.008	0.650	18.893
565	11.265	18.997	0.631	19.479
566	11.305	18.948	0.609	20.172
567	11.243	18.978	0.604	20.330
568	11.398	19.187	0.600	20.484
569	11.488	19.158	0.602	20.400
570	11.629	19.231	0.657	18.714
571	11.680	19.247	0.640	19.194
572	11.485	19.298	0.617	19.909
573	11.479	19.323	0.605	20.319
574	11.578	19.355	0.600	20.494
575	11.488	19.311	0.598	20.551
576	11.363	19.269	0.597	20.585
577	11.178	19.394	0.609	20.181
578	11.106	19.443	0.603	20.366
579	10.993	19.401	0.649	18.929
580	10.971	19.412	0.630	19.514
581	10.945	19.415	0.610	20.159
582	11.076	19.548	0.603	20.387
583	11.160	19.729	0.599	20.504
584	11.519	19.529	0.610	20.159
585	11.584	19.423	0.606	20.272
586	11.358	19.261	0.601	20.458
587	11.153	19.193	0.600	20.477
588	11.044	19.129	0.611	20.101
589	11.061	19.224	0.600	20.485
590	11.017	19.319	0.602	20.423
591	11.273	19.279	0.676	18.174
592	11.237	19.220	0.644	19.074
593	11.160	19.366	0.614	19.999
594	11.025	19.281	0.604	20.328
595	10.841	19.258	0.600	20.495
596	10.759	19.248	0.620	19.813
597	10.735	19.462	0.612	20.085
598	10.807	19.384	0.601	20.462
599	10.916	19.347	0.654	18.793
600	10.818	19.321	0.636	19.333
601	10.762	19.262	0.617	19.917
602	10.729	19.253	0.604	20.342
603	10.679	19.191	0.599	20.505
604	10.847	19.227	0.598	20.562
605	11.002	19.256	0.598	20.564
606	11.050	19.105	0.650	18.908
607	11.028	19.172	0.630	19.515
608	10.943	19.092	0.608	20.217
609	10.806	19.127	0.602	20.396
610	10.745	19.138	0.599	20.525
611	10.731	18.972	0.609	20.164
612	10.654	18.916	0.605	20.306
613	10.682	18.887	0.599	20.497
614	10.696	18.965	0.599	20.530
615	10.713	18.958	0.608	20.227
616	10.634	19.022	0.598	20.560
617	10.575	19.100	0.600	20.483
618	10.439	19.099	0.671	18.323
619	10.316	19.137	0.631	19.461
620	10.303	19.196	0.613	20.050
621	10.308	19.160	0.604	20.333
622	10.308	19.174	0.599	20.507
623	10.233	19.176	0.599	20.498
624	10.118	19.287	0.616	19.939
625	10.115	19.177	0.606	20.288
626	10.087	19.280	0.601	20.439
627	10.212	19.278	0.610	20.159
628	10.330	19.361	0.664	18.520
629	10.504	19.358	0.636	19.328
630	10.713	19.467	0.619	19.858
631	10.718	19.257	0.604	20.346
632	10.586	19.109	0.602	20.415
633	10.436	19.152	0.598	20.554
634	10.299	19.126	0.605	20.302
635	10.223	19.129	0.603	20.372
636	10.182	19.029	0.679	18.097
637	10.166	19.201	0.645	19.048
638	10.263	19.208	0.610	20.150
639	10.292	19.223	0.604	20.352
640	10.220	19.073	0.599	20.516
641	10.204	18.953	0.598	20.532
642	10.080	19.152	0.604	20.339
643	10.042	19.132	0.599	20.500
644	10.086	19.245	0.659	18.655
645	10.121	19.166	0.652	18.859
646	9.959	19.146	0.627	19.598
647	9.804	19.216	0.607	20.239
648	9.705	19.293	0.601	20.455
649	9.570	19.273	0.598	20.533
650	9.611	19.279	0.597	20.580
651	9.679	19.339	0.609	20.178
652	9.675	19.411	0.607	20.250
653	9.722	19.421	0.634	19.367
654	9.833	19.526	0.616	19.943
655	9.838	19.482	0.604	20.356
656	9.822	19.546	0.619	19.848
657	9.851	19.448	0.609	20.176
658	9.797	19.658	0.600	20.467
659	9.767	19.645	0.598	20.534
660	9.722	19.592	0.597	20.569
661	9.541	19.438	0.600	20.489
662	9.463	19.462	0.658	18.677
663	9.394	19.315	0.626	19.636
664	9.390	19.455	0.607	20.249
665	9.408	19.460	0.603	20.391
666	9.523	19.609	0.606	20.285
667	9.706	19.606	0.656	18.728
668	10.015	19.678	0.648	18.972
669	10.125	19.591	0.621	19.795
670	10.190	19.460	0.609	20.176
671	10.147	19.516	0.601	20.460
672	10.118	19.589	0.599	20.525
673	10.018	19.534	0.602	20.397
674	9.937	19.675	0.606	20.261
675	9.741	19.523	0.603	20.389
676	9.719	19.420	0.599	20.528
677	9.528	19.383	0.656	18.744
678	9.327	19.320	0.636	19.314
679	9.211	19.256	0.611	20.097
680	9.175	19.274	0.603	20.391
681	9.090	19.243	0.600	20.487
682	9.138	19.390	0.598	20.553
683	9.200	19.617	0.649	18.923
684	9.428	19.558	0.630	19.520
685	9.612	19.515	0.608	20.196
686	9.617	19.392	0.603	20.391
687	9.615	19.289	0.607	20.253
688	9.564	19.466	0.605	20.309
689	9.614	19.699	0.604	20.360
690	9.806	19.686	0.600	20.470
691	9.910	19.786	0.650	18.895
692	10.027	19.780	0.628	19.575
693	9.797	19.631	0.614	20.008
694	9.657	19.680	0.603	20.377
695	9.650	19.629	0.598	20.547
696	9.730	19.665	0.599	20.501
697	9.756	19.602	0.598	20.532
