nbatch	trainL	validL	elapsed	throughput
1	100.194	99.499	2.333	5.266
2	99.712	98.601	0.588	20.910
3	98.802	97.497	0.588	20.906
4	97.615	96.002	0.587	20.939
5	96.043	94.304	0.587	20.916
6	94.330	92.391	0.588	20.883
7	92.509	90.823	0.587	20.920
8	90.815	88.718	0.586	20.958
9	88.969	86.569	0.586	20.964
10	86.865	84.359	0.588	20.893
11	84.657	82.544	0.591	20.778
12	82.324	80.315	0.594	20.701
13	79.991	78.618	0.595	20.667
14	77.627	76.588	0.998	12.312
15	75.841	74.308	0.594	20.689
16	74.082	72.125	0.593	20.705
17	71.941	70.121	0.594	20.689
18	69.737	68.130	0.593	20.710
19	67.662	65.938	0.594	20.704
20	65.625	64.056	0.600	20.475
21	63.489	62.133	0.600	20.469
22	61.411	60.302	0.594	20.700
23	59.443	58.496	0.593	20.705
24	57.698	57.204	0.604	20.334
25	56.305	55.631	0.607	20.234
26	54.817	54.177	0.607	20.235
27	53.431	52.549	0.609	20.175
28	52.147	51.230	0.602	20.418
29	50.746	50.024	0.602	20.427
30	49.199	48.883	0.608	20.219
31	47.858	47.566	0.607	20.239
32	46.538	46.116	0.601	20.441
33	45.512	44.927	0.601	20.462
34	44.693	43.894	0.608	20.223
35	43.552	43.096	0.597	20.581
36	42.560	42.075	0.608	20.207
37	41.619	41.510	0.609	20.187
38	40.795	40.700	0.608	20.213
39	40.166	40.112	0.609	20.190
40	39.599	39.968	0.608	20.207
41	39.142	39.138	0.602	20.404
42	38.589	38.249	0.595	20.666
43	38.202	37.501	0.602	20.427
44	37.565	36.668	0.609	20.178
45	36.847	36.072	0.610	20.156
46	36.018	35.339	0.611	20.124
47	35.364	34.681	0.609	20.174
48	34.674	34.150	0.603	20.388
49	33.888	33.511	0.603	20.380
50	33.546	33.078	0.609	20.174
51	32.969	32.810	0.608	20.196
52	32.366	32.450	0.610	20.145
53	32.054	32.363	0.611	20.114
54	31.581	31.950	0.603	20.384
55	31.052	31.360	0.598	20.564
56	30.854	30.926	0.597	20.588
57	30.571	30.730	0.597	20.576
58	29.996	30.417	0.597	20.586
59	29.518	29.926	0.596	20.611
60	29.287	29.792	0.597	20.570
61	29.288	29.470	0.597	20.591
62	28.922	29.233	0.597	20.594
63	28.568	28.912	0.607	20.260
64	28.308	28.710	0.611	20.103
65	28.315	28.680	0.611	20.101
66	27.999	28.552	0.611	20.100
67	28.108	28.228	0.609	20.167
68	28.016	28.005	0.597	20.575
69	27.785	27.744	0.598	20.543
70	27.368	27.567	0.598	20.538
71	26.942	27.406	0.598	20.564
72	26.601	27.125	0.597	20.587
73	26.655	27.141	0.597	20.566
74	26.482	26.965	0.604	20.335
75	26.088	26.792	0.598	20.556
76	25.994	26.573	0.599	20.523
77	25.772	26.405	0.600	20.490
78	25.503	26.202	0.598	20.551
79	25.362	26.131	0.598	20.547
80	25.223	26.416	0.593	20.727
81	25.427	26.183	0.594	20.700
82	25.313	26.092	0.598	20.550
83	25.246	26.013	0.605	20.326
84	25.092	25.893	0.612	20.067
85	24.899	25.645	0.611	20.097
86	24.657	25.345	0.613	20.061
87	24.512	25.128	0.611	20.121
88	24.270	25.020	0.597	20.577
89	24.025	24.802	0.598	20.540
90	23.920	24.741	0.599	20.505
91	23.715	24.664	0.600	20.487
92	23.603	24.461	0.598	20.548
93	23.769	24.394	0.605	20.306
94	23.697	24.323	0.606	20.284
95	23.681	24.202	0.598	20.537
96	23.557	23.993	0.599	20.503
97	23.317	23.821	0.599	20.506
98	23.048	23.837	0.594	20.691
99	23.077	23.994	0.595	20.661
100	23.258	24.358	0.594	20.690
101	23.601	24.319	0.593	20.713
102	23.777	24.274	0.593	20.717
103	23.713	24.129	0.600	20.493
104	23.407	23.876	0.607	20.237
105	23.216	23.651	0.613	20.045
106	22.900	23.406	0.612	20.064
107	22.689	23.241	0.612	20.078
108	22.342	23.114	0.600	20.480
109	22.066	22.923	0.613	20.042
110	22.048	22.822	0.613	20.041
111	21.966	22.886	0.607	20.246
112	21.809	22.842	0.607	20.232
113	21.635	22.747	0.613	20.046
114	21.628	22.835	0.601	20.431
115	21.863	22.954	0.599	20.512
116	21.745	22.881	0.607	20.232
117	21.906	22.909	0.606	20.281
118	21.756	22.897	0.607	20.235
119	21.606	22.802	0.606	20.272
120	21.305	22.623	0.613	20.043
121	20.983	22.476	0.607	20.252
122	20.848	22.415	0.607	20.237
123	20.878	22.250	0.614	20.015
124	20.807	22.179	0.613	20.038
125	20.845	22.076	0.613	20.050
126	20.660	22.117	0.606	20.272
127	20.550	22.156	0.601	20.444
128	20.722	22.271	0.595	20.646
129	20.839	22.133	0.600	20.474
130	20.725	21.993	0.613	20.032
131	20.664	21.922	0.614	19.999
132	20.634	21.871	0.613	20.059
133	20.369	21.573	0.614	20.026
134	20.193	21.660	0.602	20.417
135	20.271	21.601	0.595	20.645
136	20.328	21.786	0.595	20.653
137	20.543	21.721	0.595	20.642
138	20.373	21.500	0.600	20.471
139	20.253	21.423	0.601	20.460
140	20.145	21.356	0.600	20.473
141	19.899	21.318	0.600	20.468
142	19.757	21.229	0.607	20.248
143	19.438	21.131	0.613	20.045
144	19.286	20.885	0.613	20.038
145	19.275	20.854	0.613	20.055
146	19.339	20.826	0.607	20.235
147	19.221	20.780	0.600	20.490
148	19.397	20.884	0.595	20.662
149	19.435	20.827	0.596	20.611
150	19.418	20.793	0.593	20.710
151	19.406	20.673	0.600	20.468
152	19.190	20.544	0.600	20.484
153	18.828	20.436	0.601	20.455
154	18.679	20.244	0.600	20.490
155	18.501	20.209	0.600	20.485
156	18.475	20.210	0.594	20.675
157	18.380	20.097	0.600	20.469
158	18.264	20.086	0.600	20.465
159	18.277	20.015	0.604	20.336
160	18.330	19.909	0.600	20.464
161	18.190	19.824	0.600	20.490
162	18.067	20.002	0.594	20.693
163	18.116	20.352	0.598	20.559
164	18.345	20.250	0.598	20.565
165	18.271	20.180	0.598	20.547
166	18.210	20.128	0.594	20.672
167	18.088	20.102	0.593	20.707
168	18.131	20.038	0.595	20.662
169	18.076	20.098	0.595	20.647
170	18.117	20.026	0.594	20.681
171	18.043	19.860	0.595	20.650
172	18.004	19.865	0.596	20.631
173	17.946	19.883	0.595	20.653
174	17.995	19.854	0.597	20.579
175	17.831	19.714	0.602	20.401
176	17.706	19.575	0.606	20.266
177	17.536	19.654	0.596	20.625
178	17.536	19.827	0.594	20.684
179	17.657	19.900	0.597	20.575
180	17.622	19.938	0.639	19.242
181	17.453	19.882	0.616	19.943
182	17.386	19.802	0.607	20.237
183	17.192	19.818	0.597	20.591
184	17.124	19.670	0.595	20.641
185	17.141	19.525	0.600	20.497
186	17.031	19.399	0.599	20.502
187	16.963	19.419	0.594	20.679
188	16.807	19.316	0.601	20.462
189	16.701	19.293	0.600	20.467
190	16.635	19.386	0.596	20.609
191	16.585	19.271	0.602	20.404
192	16.680	19.334	0.596	20.611
193	16.675	19.264	0.603	20.385
194	16.556	19.447	0.651	18.887
195	16.764	19.431	0.620	19.810
196	16.722	19.376	0.605	20.325
197	16.555	19.206	0.604	20.332
198	16.438	19.149	0.601	20.447
199	16.376	19.102	0.621	19.791
200	16.426	19.103	0.604	20.330
201	16.539	19.104	0.598	20.551
202	16.455	19.090	0.600	20.470
203	16.394	18.974	0.600	20.481
204	16.209	18.893	0.602	20.403
205	16.165	18.883	0.663	18.548
206	15.929	18.971	0.621	19.779
207	16.020	18.986	0.604	20.355
208	15.996	18.929	0.599	20.529
209	15.906	18.852	0.600	20.465
210	15.828	18.933	0.595	20.658
211	15.842	18.896	0.594	20.686
212	15.843	18.894	0.595	20.665
213	15.814	18.848	0.601	20.455
214	15.733	18.845	0.600	20.476
215	15.800	18.826	0.600	20.484
216	15.757	18.896	0.594	20.687
217	15.770	18.849	0.597	20.573
218	15.568	18.827	0.596	20.611
219	15.532	18.772	0.602	20.421
220	15.567	18.875	0.633	19.413
221	15.633	18.800	0.613	20.039
222	15.622	18.791	0.606	20.275
223	15.744	18.902	0.600	20.467
224	15.762	18.937	0.619	19.839
225	15.779	18.792	0.610	20.132
226	15.827	18.693	0.619	19.858
227	15.692	18.601	0.608	20.209
228	15.552	18.573	0.601	20.452
229	15.502	18.498	0.601	20.430
230	15.391	18.574	0.612	20.075
231	15.533	18.593	0.603	20.372
232	15.388	18.442	0.605	20.299
233	15.253	18.310	0.662	18.556
234	15.092	18.300	0.635	19.350
235	15.126	18.318	0.610	20.155
236	15.058	18.337	0.599	20.500
237	14.958	18.261	0.601	20.450
238	14.921	18.350	0.594	20.676
239	15.044	18.375	0.594	20.700
240	15.058	18.431	0.594	20.677
241	14.961	18.379	0.594	20.679
242	15.033	18.603	0.595	20.640
243	15.071	18.711	0.595	20.638
244	15.005	18.655	0.594	20.675
245	15.053	18.679	0.599	20.528
246	15.088	18.660	0.599	20.499
247	14.951	18.597	0.606	20.263
248	15.031	18.665	0.602	20.414
249	15.007	18.719	0.646	19.021
250	15.114	18.800	0.625	19.662
251	15.222	19.035	0.605	20.325
252	15.436	19.062	0.600	20.495
253	15.346	19.036	0.596	20.627
254	15.302	18.768	0.595	20.667
255	15.204	18.701	0.660	18.624
256	15.110	18.800	0.655	18.755
257	14.978	18.789	0.615	19.984
258	15.083	18.824	0.602	20.418
259	15.258	18.808	0.596	20.611
260	15.252	18.719	0.595	20.643
261	15.123	18.611	0.600	20.471
262	14.853	18.505	0.608	20.225
263	14.805	18.473	0.607	20.232
264	14.687	18.303	0.606	20.270
265	14.593	18.335	0.608	20.204
266	14.566	18.546	0.620	19.835
267	14.736	18.465	0.601	20.443
268	14.595	18.313	0.608	20.211
269	14.366	18.237	0.618	19.888
270	14.209	18.215	0.685	17.937
271	14.230	18.258	0.641	19.167
272	14.040	18.117	0.622	19.740
273	14.029	17.951	0.604	20.356
274	14.092	17.866	0.608	20.208
275	13.997	17.860	0.614	20.002
276	13.941	17.830	0.616	19.948
277	13.795	17.782	0.613	20.031
278	13.770	17.827	0.612	20.092
279	14.013	18.184	0.602	20.396
280	14.189	18.424	0.597	20.600
281	14.307	18.231	0.613	20.056
282	14.168	18.082	0.616	19.963
283	14.006	18.089	0.611	20.118
284	13.942	18.000	0.613	20.046
285	13.931	17.958	0.617	19.912
286	13.880	17.875	0.599	20.503
287	13.929	17.962	0.634	19.385
288	13.879	17.956	0.618	19.882
289	13.845	17.851	0.608	20.195
290	13.779	17.791	0.605	20.295
291	13.716	17.768	0.603	20.374
292	13.596	17.721	0.654	18.784
293	13.542	17.677	0.631	19.487
294	13.402	17.643	0.622	19.740
295	13.320	17.834	0.612	20.091
296	13.441	17.877	0.608	20.203
297	13.353	17.914	0.608	20.211
298	13.383	17.969	0.608	20.206
299	13.396	17.907	0.599	20.509
300	13.406	18.172	0.603	20.394
301	13.313	18.287	0.604	20.333
302	13.466	18.115	0.600	20.470
303	13.437	17.996	0.608	20.214
304	13.394	17.937	0.607	20.229
305	13.336	17.925	0.604	20.330
306	13.293	17.816	0.608	20.204
307	13.223	17.707	0.602	20.401
308	13.264	17.681	0.609	20.173
309	13.329	17.687	0.676	18.183
310	13.191	17.658	0.646	19.034
311	13.013	17.540	0.634	19.372
312	12.854	17.464	0.609	20.187
313	12.771	17.458	0.603	20.385
314	12.772	17.532	0.601	20.451
315	12.777	17.563	0.608	20.215
316	12.827	17.506	0.609	20.166
317	12.806	17.561	0.607	20.252
318	12.846	17.483	0.619	19.860
319	12.826	17.593	0.610	20.144
320	12.796	17.593	0.612	20.078
321	12.876	17.642	0.607	20.245
322	12.983	17.767	0.632	19.441
323	13.091	17.703	0.620	19.834
324	13.084	17.448	0.620	19.807
325	12.918	17.296	0.610	20.145
326	12.730	17.342	0.608	20.217
327	12.559	17.280	0.606	20.285
328	12.529	17.438	0.659	18.635
329	12.460	17.488	0.634	19.368
330	12.410	17.475	0.620	19.820
331	12.386	17.472	0.607	20.250
332	12.405	17.642	0.596	20.627
333	12.343	17.801	0.609	20.181
334	12.682	17.805	0.609	20.190
335	12.613	17.706	0.611	20.100
336	12.613	17.753	0.610	20.142
337	12.487	17.720	0.610	20.132
338	12.446	17.580	0.607	20.232
339	12.360	17.643	0.604	20.357
340	12.369	17.628	0.636	19.332
341	12.371	17.557	0.631	19.460
342	12.323	17.672	0.619	19.836
343	12.352	17.833	0.612	20.079
344	12.327	17.827	0.606	20.292
345	12.232	17.852	0.599	20.502
346	12.185	17.887	0.597	20.570
347	12.114	17.794	0.623	19.735
348	12.049	17.815	0.618	19.870
349	12.068	17.765	0.606	20.269
350	12.224	17.792	0.600	20.478
351	12.113	17.741	0.597	20.574
352	12.073	17.747	0.656	18.738
353	11.898	17.692	0.661	18.582
354	11.874	17.750	0.631	19.487
355	11.988	17.924	0.617	19.928
356	12.087	17.897	0.608	20.196
357	12.243	17.793	0.602	20.416
358	12.205	17.847	0.595	20.644
359	12.096	17.858	0.599	20.528
360	12.031	17.929	0.597	20.570
361	12.033	17.912	0.601	20.432
362	12.063	17.903	0.650	18.896
363	12.024	17.772	0.637	19.277
364	11.852	17.645	0.610	20.146
365	11.645	17.698	0.595	20.643
366	11.554	17.606	0.604	20.354
367	11.509	17.618	0.612	20.073
368	11.422	17.650	0.606	20.264
369	11.425	17.677	0.606	20.289
370	11.387	17.583	0.611	20.117
371	11.405	17.470	0.648	18.955
372	11.314	17.476	0.622	19.759
373	11.386	17.474	0.616	19.942
374	11.356	17.306	0.612	20.072
375	11.311	17.243	0.618	19.889
376	11.245	17.248	0.609	20.182
377	11.217	17.305	0.604	20.334
378	11.165	17.513	0.596	20.609
379	11.441	17.797	0.598	20.537
380	11.513	17.721	0.637	19.276
381	11.365	17.702	0.623	19.727
382	11.267	17.631	0.620	19.807
383	11.201	17.504	0.615	19.973
384	11.060	17.436	0.609	20.178
385	10.922	17.446	0.611	20.104
386	10.830	17.546	0.610	20.159
387	10.754	17.486	0.610	20.151
388	10.761	17.601	0.611	20.096
389	10.722	17.751	0.614	20.020
390	11.105	17.886	0.622	19.752
391	11.502	18.173	0.615	19.978
392	11.976	17.968	0.606	20.281
393	12.015	17.815	0.617	19.910
394	11.775	17.651	0.615	19.980
395	11.565	17.658	0.619	19.854
396	11.394	17.599	0.612	20.091
397	11.235	17.545	0.603	20.368
398	11.048	17.560	0.617	19.919
399	10.945	17.637	0.614	20.024
400	11.010	17.629	0.613	20.054
401	11.011	17.611	0.629	19.534
402	11.027	17.486	0.624	19.687
403	11.011	17.356	0.615	19.996
404	11.078	17.360	0.606	20.282
405	11.040	17.387	0.610	20.134
406	11.120	17.365	0.612	20.086
407	11.219	17.344	0.612	20.063
408	11.424	17.375	0.611	20.098
409	11.368	17.405	0.609	20.174
410	11.322	17.552	0.610	20.151
411	11.185	17.486	0.606	20.289
412	11.102	17.470	0.652	18.844
413	11.013	17.602	0.646	19.011
414	10.919	17.507	0.623	19.725
415	10.817	17.451	0.609	20.185
416	10.738	17.500	0.602	20.405
417	10.715	17.611	0.596	20.630
418	10.747	17.723	0.611	20.097
419	10.817	17.843	0.610	20.130
420	11.071	17.705	0.611	20.122
421	11.018	17.676	0.611	20.098
422	10.955	17.604	0.606	20.291
423	10.844	17.506	0.610	20.139
424	10.770	17.436	0.610	20.134
425	10.772	17.509	0.646	19.022
426	10.723	17.497	0.633	19.404
427	10.696	17.365	0.602	20.423
428	10.605	17.323	0.600	20.469
429	10.457	17.209	0.605	20.310
430	10.364	17.144	0.605	20.301
431	10.277	17.251	0.608	20.221
432	10.237	17.242	0.649	18.927
433	10.218	17.348	0.638	19.253
434	10.132	17.357	0.622	19.750
435	10.200	17.487	0.606	20.291
436	10.295	17.566	0.594	20.684
437	10.668	17.487	0.597	20.566
438	10.700	17.415	0.600	20.483
439	10.737	17.335	0.616	19.943
440	10.623	17.253	0.613	20.036
441	10.513	17.242	0.616	19.946
442	10.367	17.207	0.609	20.182
443	10.238	17.146	0.618	19.890
444	10.140	17.061	0.638	19.256
445	10.119	17.166	0.627	19.594
446	10.103	17.254	0.609	20.190
447	9.986	17.245	0.598	20.563
448	9.982	17.170	0.598	20.558
449	9.936	17.245	0.600	20.488
450	9.997	17.223	0.649	18.936
451	10.046	17.274	0.640	19.214
452	10.075	17.237	0.627	19.593
453	10.087	17.159	0.615	19.977
454	10.009	17.240	0.608	20.215
455	9.963	17.356	0.602	20.424
456	10.034	17.220	0.597	20.588
457	10.049	17.115	0.599	20.517
458	10.002	16.895	0.602	20.425
459	9.838	16.958	0.645	19.051
460	9.906	16.872	0.649	18.931
461	9.989	17.005	0.615	19.967
462	10.113	17.027	0.598	20.548
463	10.196	16.960	0.596	20.608
464	10.084	16.910	0.605	20.320
465	9.928	16.913	0.611	20.123
466	9.788	16.973	0.610	20.157
467	9.776	17.005	0.614	20.029
468	9.723	17.068	0.607	20.259
469	9.690	17.095	0.628	19.567
470	9.713	17.124	0.618	19.884
471	9.832	17.142	0.612	20.081
472	9.857	17.046	0.610	20.142
473	9.937	17.036	0.610	20.128
474	9.893	16.882	0.615	19.987
475	9.763	17.004	0.599	20.504
476	9.698	17.034	0.652	18.852
477	9.754	17.244	0.649	18.948
478	9.784	17.322	0.611	20.112
479	9.815	17.414	0.609	20.177
480	9.813	17.326	0.608	20.214
481	9.666	17.157	0.602	20.402
482	9.598	17.161	0.599	20.510
483	9.466	17.038	0.598	20.556
484	9.378	17.114	0.604	20.360
485	9.387	17.206	0.628	19.576
486	9.401	17.205	0.629	19.524
487	9.386	17.265	0.611	20.103
488	9.477	17.204	0.599	20.522
489	9.401	17.190	0.604	20.332
490	9.409	17.073	0.637	19.295
491	9.383	17.152	0.631	19.484
492	9.372	17.032	0.608	20.217
493	9.327	17.044	0.612	20.073
494	9.290	16.862	0.610	20.160
495	9.279	16.883	0.600	20.477
496	9.284	16.968	0.598	20.565
497	9.276	16.977	0.645	19.054
498	9.192	16.989	0.645	19.065
499	9.217	16.936	0.619	19.839
500	9.164	16.870	0.605	20.310
501	9.121	16.866	0.595	20.638
502	9.064	16.773	0.606	20.280
503	9.054	16.644	0.615	19.966
504	8.972	16.724	0.613	20.046
505	9.032	16.779	0.613	20.037
506	9.171	16.769	0.611	20.113
507	9.254	16.732	0.606	20.264
508	9.441	16.868	0.597	20.576
509	9.610	16.881	0.647	18.989
510	9.708	16.865	0.629	19.540
511	9.530	16.874	0.610	20.154
512	9.464	17.010	0.610	20.136
513	9.388	17.058	0.611	20.126
514	9.315	16.882	0.596	20.609
515	9.226	16.999	0.596	20.603
516	9.233	17.015	0.646	19.027
517	9.149	16.990	0.628	19.562
518	9.284	17.057	0.617	19.902
519	9.552	16.974	0.613	20.051
520	9.523	16.894	0.606	20.288
521	9.382	16.902	0.599	20.507
522	9.300	16.997	0.614	20.000
523	9.300	16.918	0.614	20.026
524	9.268	16.872	0.609	20.188
525	9.299	16.798	0.604	20.361
526	9.201	16.676	0.651	18.889
527	9.096	16.510	0.647	18.979
528	9.009	16.366	0.604	20.348
529	8.874	16.308	0.600	20.497
530	8.770	16.452	0.599	20.526
531	8.732	16.610	0.605	20.304
532	8.718	16.629	0.598	20.553
533	8.723	16.728	0.637	19.293
534	8.978	16.693	0.609	20.177
535	9.002	16.674	0.601	20.461
536	9.035	16.870	0.597	20.594
537	9.161	17.140	0.648	18.972
538	9.286	17.049	0.626	19.615
539	9.299	17.025	0.607	20.241
540	9.167	16.959	0.600	20.464
541	9.069	16.799	0.598	20.548
542	8.932	16.673	0.648	18.970
543	8.801	16.498	0.633	19.427
544	8.695	16.480	0.619	19.839
545	8.522	16.490	0.605	20.314
546	8.420	16.378	0.597	20.579
547	8.340	16.511	0.598	20.559
548	8.369	16.609	0.597	20.596
549	8.440	16.685	0.657	18.710
550	8.468	16.678	0.645	19.057
551	8.279	16.755	0.614	20.029
552	8.261	16.816	0.597	20.574
553	8.239	16.941	0.598	20.553
554	8.356	16.985	0.598	20.539
555	8.414	17.077	0.598	20.536
556	8.512	16.978	0.640	19.215
557	8.597	17.009	0.627	19.602
558	8.697	16.956	0.614	20.013
559	8.827	17.008	0.608	20.218
560	8.772	16.860	0.601	20.450
561	8.712	16.677	0.600	20.488
562	8.584	16.460	0.652	18.845
563	8.535	16.564	0.629	19.534
564	8.450	16.434	0.613	20.058
565	8.360	16.449	0.601	20.430
566	8.377	16.541	0.597	20.567
567	8.364	16.450	0.600	20.472
568	8.388	16.527	0.621	19.793
569	8.482	16.362	0.618	19.883
570	8.443	16.324	0.609	20.189
571	8.367	16.320	0.599	20.500
572	8.192	16.331	0.624	19.679
573	8.170	16.398	0.612	20.092
574	8.211	16.286	0.606	20.281
575	8.284	16.292	0.651	18.870
576	8.338	16.519	0.630	19.490
577	8.296	16.524	0.611	20.107
578	8.321	16.532	0.605	20.324
579	8.252	16.418	0.608	20.204
580	8.289	16.485	0.600	20.470
581	8.246	16.533	0.598	20.542
582	8.204	16.441	0.636	19.311
583	8.170	16.587	0.614	20.009
584	8.113	16.603	0.594	20.686
585	8.071	16.545	0.645	19.046
586	8.000	16.484	0.622	19.762
587	7.870	16.531	0.604	20.346
588	7.813	16.563	0.600	20.488
589	7.857	16.540	0.596	20.632
590	7.834	16.494	0.651	18.875
591	7.851	16.437	0.634	19.393
592	7.888	16.530	0.610	20.156
593	7.847	16.372	0.600	20.469
594	7.881	16.359	0.597	20.592
595	7.869	16.354	0.595	20.646
596	7.796	16.300	0.642	19.129
597	7.764	16.233	0.633	19.408
598	7.825	16.156	0.609	20.177
599	7.881	16.308	0.597	20.574
600	7.912	16.411	0.595	20.637
601	7.987	16.390	0.638	19.252
602	7.991	16.333	0.620	19.815
603	7.870	16.320	0.607	20.239
604	7.829	16.287	0.600	20.468
605	7.803	16.338	0.597	20.583
606	7.928	16.351	0.657	18.698
607	7.898	16.307	0.641	19.183
608	7.773	16.162	0.609	20.166
609	7.710	16.119	0.607	20.241
610	7.722	16.204	0.596	20.610
611	7.916	16.407	0.595	20.654
612	7.944	16.240	0.595	20.665
613	7.867	16.176	0.647	18.993
614	7.895	16.169	0.629	19.542
615	7.765	16.213	0.612	20.091
616	7.716	16.120	0.600	20.473
617	7.741	16.067	0.601	20.458
618	7.665	16.024	0.600	20.483
619	7.714	16.185	0.595	20.662
620	7.639	16.260	0.596	20.606
621	7.539	16.222	0.611	20.108
622	7.421	16.459	0.603	20.379
623	7.418	16.521	0.596	20.616
624	7.565	16.553	0.594	20.674
625	7.665	16.468	0.595	20.659
626	7.795	16.653	0.594	20.676
627	7.941	16.643	0.594	20.683
628	8.100	16.519	0.599	20.527
629	8.099	16.337	0.601	20.447
630	8.048	16.267	0.616	19.964
631	8.041	16.265	0.638	19.274
632	7.885	16.178	0.634	19.382
633	7.804	16.250	0.613	20.057
634	7.646	16.204	0.601	20.462
635	7.596	16.302	0.600	20.494
636	7.458	16.291	0.596	20.605
637	7.412	16.450	0.598	20.565
638	7.349	16.495	0.644	19.081
639	7.447	16.578	0.621	19.783
640	7.509	16.634	0.607	20.232
641	7.797	16.825	0.599	20.506
642	7.923	16.809	0.595	20.648
643	7.946	16.615	0.648	18.958
644	7.876	16.647	0.631	19.481
645	7.777	16.700	0.608	20.204
646	7.607	16.563	0.599	20.522
647	7.559	16.439	0.599	20.522
648	7.435	16.548	0.626	19.645
649	7.419	16.479	0.612	20.062
650	7.364	16.623	0.600	20.473
651	7.282	16.802	0.647	18.984
652	7.215	16.886	0.632	19.446
653	7.252	16.775	0.613	20.043
654	7.226	16.744	0.601	20.457
655	7.131	16.563	0.609	20.187
656	7.084	16.514	0.608	20.218
657	7.005	16.444	0.606	20.269
658	6.953	16.408	0.614	20.025
659	6.886	16.302	0.612	20.064
660	6.908	16.620	0.615	19.976
661	6.827	16.587	0.608	20.205
662	6.835	16.506	0.598	20.533
663	6.882	16.523	0.653	18.827
664	7.063	16.445	0.639	19.216
665	7.105	16.389	0.618	19.892
666	7.110	16.424	0.603	20.363
667	7.098	16.368	0.598	20.561
668	7.002	16.474	0.609	20.181
669	6.972	16.507	0.616	19.942
670	6.978	16.646	0.609	20.175
671	6.917	16.744	0.605	20.303
672	6.911	17.062	0.626	19.619
673	6.957	16.907	0.614	20.020
674	7.190	16.774	0.602	20.417
675	7.130	16.689	0.598	20.552
676	7.008	16.618	0.652	18.848
677	6.861	16.684	0.633	19.420
678	6.783	16.638	0.609	20.175
679	6.779	16.845	0.603	20.389
680	6.858	16.703	0.596	20.609
681	7.004	16.659	0.609	20.170
682	7.015	16.581	0.606	20.285
683	7.009	16.552	0.598	20.533
684	7.130	16.514	0.595	20.661
685	7.171	16.383	0.605	20.295
686	7.126	16.375	0.598	20.545
687	7.063	16.410	0.597	20.590
688	7.151	16.323	0.595	20.643
689	7.061	16.235	0.596	20.614
690	6.975	16.330	0.595	20.651
691	6.920	16.262	0.597	20.593
692	6.882	16.404	0.596	20.625
693	6.826	16.434	0.599	20.501
694	6.922	16.390	0.599	20.519
695	6.941	16.389	0.631	19.489
696	6.930	16.429	0.606	20.274
697	6.811	16.506	0.608	20.205
698	6.858	16.516	0.651	18.887
699	6.854	16.539	0.630	19.499
700	6.877	16.484	0.614	20.011
701	6.856	16.467	0.599	20.525
702	6.803	16.507	0.600	20.489
703	6.889	16.576	0.598	20.533
704	6.921	16.639	0.605	20.296
705	7.025	16.590	0.654	18.790
706	6.982	16.679	0.628	19.582
707	6.966	16.620	0.607	20.240
708	6.976	16.672	0.600	20.488
709	6.992	16.635	0.599	20.524
710	7.019	16.569	0.611	20.102
711	7.080	16.528	0.617	19.907
712	7.058	16.552	0.611	20.112
713	7.033	16.507	0.600	20.475
714	6.979	16.610	0.645	19.056
715	6.963	16.578	0.628	19.567
716	7.089	16.569	0.606	20.292
717	7.047	16.549	0.601	20.447
718	7.157	16.651	0.600	20.487
719	7.227	16.613	0.629	19.538
720	7.210	16.416	0.616	19.950
721	7.087	16.378	0.604	20.358
722	6.962	16.328	0.597	20.589
723	6.924	16.342	0.648	18.965
724	6.920	16.261	0.631	19.468
725	6.888	16.301	0.607	20.246
726	6.792	16.402	0.610	20.136
727	6.826	16.189	0.604	20.341
728	6.792	16.361	0.601	20.457
729	6.784	16.235	0.598	20.532
730	6.918	16.227	0.648	18.949
731	6.973	16.242	0.632	19.452
732	6.989	16.225	0.613	20.051
733	6.952	16.287	0.601	20.452
734	6.873	16.265	0.605	20.322
735	6.789	16.267	0.607	20.253
736	6.732	16.288	0.598	20.545
737	6.645	16.236	0.646	19.009
738	6.544	16.412	0.633	19.419
739	6.503	16.415	0.611	20.097
740	6.544	16.615	0.608	20.209
741	6.612	16.546	0.606	20.279
742	6.704	16.651	0.599	20.524
743	6.700	16.483	0.596	20.602
744	6.674	16.522	0.597	20.590
745	6.520	16.442	0.597	20.587
746	6.503	16.433	0.636	19.322
747	6.423	16.567	0.609	20.161
748	6.392	16.611	0.600	20.467
749	6.338	16.594	0.601	20.450
750	6.318	16.557	0.599	20.520
751	6.310	16.615	0.664	18.509
752	6.278	16.639	0.630	19.509
753	6.279	16.631	0.608	20.196
754	6.281	16.577	0.600	20.492
755	6.376	16.501	0.597	20.571
756	6.389	16.426	0.598	20.540
757	6.457	16.370	0.660	18.607
758	6.370	16.291	0.628	19.560
759	6.349	16.439	0.612	20.093
760	6.364	16.515	0.598	20.549
761	6.457	16.597	0.595	20.664
762	6.471	16.639	0.603	20.390
763	6.487	16.686	0.600	20.468
764	6.431	16.667	0.672	18.286
765	6.413	16.787	0.641	19.173
766	6.290	16.707	0.611	20.108
767	6.180	16.750	0.601	20.457
768	6.203	16.750	0.596	20.612
769	6.126	16.834	0.645	19.037
770	6.036	16.956	0.626	19.630
771	5.998	17.024	0.607	20.234
772	5.982	17.234	0.601	20.454
773	5.961	17.268	0.596	20.615
774	5.959	17.358	0.595	20.662
775	6.103	17.399	0.596	20.631
776	6.266	17.441	0.630	19.513
777	6.504	17.086	0.607	20.244
778	6.557	16.990	0.599	20.508
779	6.567	16.924	0.596	20.629
780	6.456	16.807	0.596	20.626
781	6.330	16.684	0.595	20.666
782	6.269	16.791	0.594	20.699
783	6.256	16.932	0.595	20.636
784	6.245	16.812	0.596	20.602
785	6.278	16.743	0.598	20.560
786	6.348	16.515	0.598	20.544
787	6.254	16.496	0.601	20.443
788	6.240	16.551	0.656	18.742
789	6.270	16.524	0.633	19.409
790	6.262	16.368	0.604	20.342
791	6.247	16.431	0.597	20.575
792	6.287	16.483	0.598	20.555
793	6.339	16.443	0.608	20.197
794	6.329	16.467	0.609	20.172
795	6.267	16.656	0.600	20.494
796	6.267	16.803	0.657	18.711
797	6.589	16.973	0.644	19.070
798	6.845	16.727	0.615	19.965
799	6.870	16.637	0.607	20.256
800	6.765	16.626	0.606	20.264
801	6.679	16.474	0.601	20.436
802	6.660	16.640	0.599	20.525
803	6.581	16.623	0.623	19.711
804	6.509	16.690	0.610	20.157
805	6.378	16.657	0.609	20.161
806	6.417	16.967	0.600	20.474
807	6.430	16.953	0.646	19.029
808	6.436	16.981	0.631	19.473
809	6.441	16.888	0.612	20.089
810	6.489	16.891	0.600	20.480
811	6.439	16.927	0.599	20.525
812	6.452	17.099	0.623	19.719
813	6.408	17.014	0.607	20.260
814	6.379	17.024	0.603	20.385
815	6.277	16.981	0.598	20.564
816	6.160	16.975	0.597	20.595
817	6.040	16.833	0.598	20.564
818	5.983	16.921	0.646	19.012
819	5.943	16.929	0.619	19.846
